[ 2025-05-18 16:13:45,005 ] 45 root - INFO - Starting data ingestion for esp32_1_data
[ 2025-05-18 16:13:45,041 ] 49 root - INFO - Read the dataset as dataframe
[ 2025-05-18 16:13:45,200 ] 56 root - INFO - Saved the raw dataset to C:\Kuliah\Semester 6\Signal Processing and Multimedia Services\Project\pslm-project\data\esp32_1_data\raw_data.csv
[ 2025-05-18 16:13:45,201 ] 59 root - INFO - Splitting the dataset into train and test sets
[ 2025-05-18 16:13:45,350 ] 64 root - INFO - Data ingestion completed successfully
[ 2025-05-18 16:13:45,480 ] 40 root - INFO - Converted timestamp to datetime
[ 2025-05-18 16:13:45,481 ] 44 root - INFO - The timestamp set as an index
[ 2025-05-18 16:13:45,485 ] 48 root - INFO - Dataset shape after resampling: (1538, 6)
[ 2025-05-18 16:13:45,485 ] 49 root - INFO - Null values in the dataset
temperature              117
humidity(%)              117
latency(ms)              117
throughput(bytes/sec)    117
packet_loss(%)           117
rssi(dBm)                117
dtype: int64
[ 2025-05-18 16:13:45,488 ] 53 root - INFO - Null values in the dataset
temperature              0
humidity(%)              0
latency(ms)              0
throughput(bytes/sec)    0
packet_loss(%)           0
rssi(dBm)                0
dtype: int64
[ 2025-05-18 16:13:45,489 ] 57 root - INFO - Dataset for 24 hours: (1432,)
[ 2025-05-18 16:13:45,489 ] 70 root - INFO - Data transformation started
[ 2025-05-18 16:13:45,489 ] 74 root - INFO - Differencing series created
[ 2025-05-18 16:13:45,490 ] 80 root - INFO - Applying preprocessing object on training and test dataframe
[ 2025-05-18 16:13:45,491 ] 41 root - INFO - Splitting the data into train and test sets
[ 2025-05-18 16:13:45,491 ] 44 root - INFO - Train set shape: (916,)
[ 2025-05-18 16:13:45,491 ] 45 root - INFO - Test set shape: (229,)
[ 2025-05-18 16:13:45,491 ] 48 root - INFO - Training the ARIMA model
[ 2025-05-18 16:13:45,728 ] 56 root - INFO - Mean Squared Error: 0.00016749429157303063
[ 2025-05-18 16:13:45,755 ] 61 root - INFO - Model saved to artifacts\esp32_1_temperature_model.pkl
[ 2025-05-18 16:13:45,839 ] 40 root - INFO - Converted timestamp to datetime
[ 2025-05-18 16:13:45,839 ] 44 root - INFO - The timestamp set as an index
[ 2025-05-18 16:13:45,842 ] 48 root - INFO - Dataset shape after resampling: (1538, 6)
[ 2025-05-18 16:13:45,843 ] 49 root - INFO - Null values in the dataset
temperature              117
humidity(%)              117
latency(ms)              117
throughput(bytes/sec)    117
packet_loss(%)           117
rssi(dBm)                117
dtype: int64
[ 2025-05-18 16:13:45,846 ] 53 root - INFO - Null values in the dataset
temperature              0
humidity(%)              0
latency(ms)              0
throughput(bytes/sec)    0
packet_loss(%)           0
rssi(dBm)                0
dtype: int64
[ 2025-05-18 16:13:45,847 ] 57 root - INFO - Dataset for 24 hours: (1432,)
[ 2025-05-18 16:13:45,847 ] 70 root - INFO - Data transformation started
[ 2025-05-18 16:13:45,848 ] 74 root - INFO - Differencing series created
[ 2025-05-18 16:13:45,848 ] 80 root - INFO - Applying preprocessing object on training and test dataframe
[ 2025-05-18 16:13:45,850 ] 41 root - INFO - Splitting the data into train and test sets
[ 2025-05-18 16:13:45,850 ] 44 root - INFO - Train set shape: (916,)
[ 2025-05-18 16:13:45,850 ] 45 root - INFO - Test set shape: (229,)
[ 2025-05-18 16:13:45,850 ] 48 root - INFO - Training the ARIMA model
[ 2025-05-18 16:13:45,966 ] 56 root - INFO - Mean Squared Error: 0.005056666117849423
[ 2025-05-18 16:13:46,001 ] 61 root - INFO - Model saved to artifacts\esp32_1_humidity(%)_model.pkl
[ 2025-05-18 16:13:46,085 ] 40 root - INFO - Converted timestamp to datetime
[ 2025-05-18 16:13:46,086 ] 44 root - INFO - The timestamp set as an index
[ 2025-05-18 16:13:46,089 ] 48 root - INFO - Dataset shape after resampling: (1538, 6)
[ 2025-05-18 16:13:46,090 ] 49 root - INFO - Null values in the dataset
temperature              117
humidity(%)              117
latency(ms)              117
throughput(bytes/sec)    117
packet_loss(%)           117
rssi(dBm)                117
dtype: int64
[ 2025-05-18 16:13:46,092 ] 53 root - INFO - Null values in the dataset
temperature              0
humidity(%)              0
latency(ms)              0
throughput(bytes/sec)    0
packet_loss(%)           0
rssi(dBm)                0
dtype: int64
[ 2025-05-18 16:13:46,093 ] 57 root - INFO - Dataset for 24 hours: (1432,)
[ 2025-05-18 16:13:46,093 ] 70 root - INFO - Data transformation started
[ 2025-05-18 16:13:46,093 ] 74 root - INFO - Differencing series created
[ 2025-05-18 16:13:46,093 ] 80 root - INFO - Applying preprocessing object on training and test dataframe
[ 2025-05-18 16:13:46,096 ] 41 root - INFO - Splitting the data into train and test sets
[ 2025-05-18 16:13:46,096 ] 44 root - INFO - Train set shape: (916,)
[ 2025-05-18 16:13:46,096 ] 45 root - INFO - Test set shape: (229,)
[ 2025-05-18 16:13:46,096 ] 48 root - INFO - Training the ARIMA model
[ 2025-05-18 16:13:46,378 ] 56 root - INFO - Mean Squared Error: 0.0009160724193743651
[ 2025-05-18 16:13:46,402 ] 61 root - INFO - Model saved to artifacts\esp32_1_latency(ms)_model.pkl
[ 2025-05-18 16:13:46,496 ] 40 root - INFO - Converted timestamp to datetime
[ 2025-05-18 16:13:46,497 ] 44 root - INFO - The timestamp set as an index
[ 2025-05-18 16:13:46,499 ] 48 root - INFO - Dataset shape after resampling: (1538, 6)
[ 2025-05-18 16:13:46,500 ] 49 root - INFO - Null values in the dataset
temperature              117
humidity(%)              117
latency(ms)              117
throughput(bytes/sec)    117
packet_loss(%)           117
rssi(dBm)                117
dtype: int64
[ 2025-05-18 16:13:46,503 ] 53 root - INFO - Null values in the dataset
temperature              0
humidity(%)              0
latency(ms)              0
throughput(bytes/sec)    0
packet_loss(%)           0
rssi(dBm)                0
dtype: int64
[ 2025-05-18 16:13:46,504 ] 57 root - INFO - Dataset for 24 hours: (1432,)
[ 2025-05-18 16:13:46,504 ] 70 root - INFO - Data transformation started
[ 2025-05-18 16:13:46,505 ] 74 root - INFO - Differencing series created
[ 2025-05-18 16:13:46,505 ] 80 root - INFO - Applying preprocessing object on training and test dataframe
[ 2025-05-18 16:13:46,507 ] 41 root - INFO - Splitting the data into train and test sets
[ 2025-05-18 16:13:46,507 ] 44 root - INFO - Train set shape: (916,)
[ 2025-05-18 16:13:46,508 ] 45 root - INFO - Test set shape: (229,)
[ 2025-05-18 16:13:46,508 ] 48 root - INFO - Training the ARIMA model
[ 2025-05-18 16:13:46,728 ] 56 root - INFO - Mean Squared Error: 0.0
[ 2025-05-18 16:13:46,755 ] 61 root - INFO - Model saved to artifacts\esp32_1_packet_loss(%)_model.pkl
[ 2025-05-18 16:13:46,840 ] 40 root - INFO - Converted timestamp to datetime
[ 2025-05-18 16:13:46,840 ] 44 root - INFO - The timestamp set as an index
[ 2025-05-18 16:13:46,843 ] 48 root - INFO - Dataset shape after resampling: (1538, 6)
[ 2025-05-18 16:13:46,844 ] 49 root - INFO - Null values in the dataset
temperature              117
humidity(%)              117
latency(ms)              117
throughput(bytes/sec)    117
packet_loss(%)           117
rssi(dBm)                117
dtype: int64
[ 2025-05-18 16:13:46,846 ] 53 root - INFO - Null values in the dataset
temperature              0
humidity(%)              0
latency(ms)              0
throughput(bytes/sec)    0
packet_loss(%)           0
rssi(dBm)                0
dtype: int64
[ 2025-05-18 16:13:46,847 ] 57 root - INFO - Dataset for 24 hours: (1432,)
[ 2025-05-18 16:13:46,847 ] 70 root - INFO - Data transformation started
[ 2025-05-18 16:13:46,848 ] 74 root - INFO - Differencing series created
[ 2025-05-18 16:13:46,848 ] 80 root - INFO - Applying preprocessing object on training and test dataframe
[ 2025-05-18 16:13:46,850 ] 41 root - INFO - Splitting the data into train and test sets
[ 2025-05-18 16:13:46,850 ] 44 root - INFO - Train set shape: (916,)
[ 2025-05-18 16:13:46,850 ] 45 root - INFO - Test set shape: (229,)
[ 2025-05-18 16:13:46,850 ] 48 root - INFO - Training the ARIMA model
[ 2025-05-18 16:13:46,916 ] 56 root - INFO - Mean Squared Error: 1.6989130120636454e-35
[ 2025-05-18 16:13:46,940 ] 61 root - INFO - Model saved to artifacts\esp32_1_throughput(bytes/sec)_model.pkl
[ 2025-05-18 16:13:47,029 ] 40 root - INFO - Converted timestamp to datetime
[ 2025-05-18 16:13:47,029 ] 44 root - INFO - The timestamp set as an index
[ 2025-05-18 16:13:47,032 ] 48 root - INFO - Dataset shape after resampling: (1538, 6)
[ 2025-05-18 16:13:47,033 ] 49 root - INFO - Null values in the dataset
temperature              117
humidity(%)              117
latency(ms)              117
throughput(bytes/sec)    117
packet_loss(%)           117
rssi(dBm)                117
dtype: int64
[ 2025-05-18 16:13:47,035 ] 53 root - INFO - Null values in the dataset
temperature              0
humidity(%)              0
latency(ms)              0
throughput(bytes/sec)    0
packet_loss(%)           0
rssi(dBm)                0
dtype: int64
[ 2025-05-18 16:13:47,037 ] 57 root - INFO - Dataset for 24 hours: (1432,)
[ 2025-05-18 16:13:47,037 ] 70 root - INFO - Data transformation started
[ 2025-05-18 16:13:47,037 ] 74 root - INFO - Differencing series created
[ 2025-05-18 16:13:47,037 ] 80 root - INFO - Applying preprocessing object on training and test dataframe
[ 2025-05-18 16:13:47,039 ] 41 root - INFO - Splitting the data into train and test sets
[ 2025-05-18 16:13:47,039 ] 44 root - INFO - Train set shape: (916,)
[ 2025-05-18 16:13:47,039 ] 45 root - INFO - Test set shape: (229,)
[ 2025-05-18 16:13:47,039 ] 48 root - INFO - Training the ARIMA model
[ 2025-05-18 16:13:47,287 ] 56 root - INFO - Mean Squared Error: 0.380756868448201
[ 2025-05-18 16:13:47,319 ] 61 root - INFO - Model saved to artifacts\esp32_1_rssi(dBm)_model.pkl
